<?xml version="1.0" encoding="UTF-8"?>
<!-- Generated by org.testng.reporters.JUnitReportReporter -->
<testsuite hostname="DEL1-DHP-30972" name="com.amazon.testcase.TestAmazonLoginPage" tests="2" failures="0" timestamp="11 May 2016 10:38:36 GMT" time="9.700" errors="0">
  <testcase name="Test2" time="0.002" classname="com.amazon.testcase.TestAmazonLoginPage"/>
  <testcase name="Test1" time="9.698" classname="com.amazon.testcase.TestAmazonLoginPage"/>
</testsuite> <!-- com.amazon.testcase.TestAmazonLoginPage -->
